{
  "stats": {
    "suites": 1,
    "tests": 1,
    "passes": 0,
    "pending": 0,
    "failures": 1,
    "start": "2024-07-08T10:06:50.655Z",
    "end": "2024-07-08T10:07:53.447Z",
    "duration": 62792,
    "testsRegistered": 1,
    "passPercent": 0,
    "pendingPercent": 0,
    "other": 0,
    "hasOther": false,
    "skipped": 0,
    "hasSkipped": false
  },
  "results": [
    {
      "uuid": "43a3c34d-fd84-476d-8a24-831cfca3e1d5",
      "title": "",
      "fullFile": "cypress\\integration\\tests\\TC_002_CreateJob.cy.js",
      "file": "cypress\\integration\\tests\\TC_002_CreateJob.cy.js",
      "beforeHooks": [],
      "afterHooks": [],
      "tests": [],
      "suites": [
        {
          "uuid": "0ffa7c98-e52f-448c-9369-4b01cc375e94",
          "title": "Create Job",
          "fullFile": "",
          "file": "",
          "beforeHooks": [],
          "afterHooks": [],
          "tests": [
            {
              "title": "Just create a new job in calendar",
              "fullTitle": "Create Job Just create a new job in calendar",
              "timedOut": null,
              "duration": 60337,
              "state": "failed",
              "speed": null,
              "pass": false,
              "fail": true,
              "pending": false,
              "context": null,
              "code": "// Nav to home page\ncy.visit(_PrivateData.default.url);\n// Nav to AB Testing page\nconst loginAction = new _LoginAction.default();\nloginAction.login(_PrivateData.default.username, _PrivateData.default.password);\nconst calendarAction = new _CalendarAction.default();\nconst jobDetailAction = new _JobDetailAction.default();\ncalendarAction.selectAgendar('Day');\ncalendarAction.openModalAddJob(_TC_002_CreateJob.default.time, _TC_002_CreateJob.default.jobType);\njobDetailAction.addJob(_TC_002_CreateJob.default.newJob);",
              "err": {
                "message": "CypressError: Timed out after waiting `60000ms` for your remote page to load.\n\nYour page did not fire its `load` event within `60000ms`.\n\nYou can try increasing the `pageLoadTimeout` value in `cypress.config.js` to wait longer.\n\nBrowsers will not fire the `load` event until all stylesheets and scripts are done downloading.\n\nWhen this `load` event occurs, Cypress will continue running commands.",
                "estack": "CypressError: Timed out after waiting `60000ms` for your remote page to load.\n\nYour page did not fire its `load` event within `60000ms`.\n\nYou can try increasing the `pageLoadTimeout` value in `cypress.config.js` to wait longer.\n\nBrowsers will not fire the `load` event until all stylesheets and scripts are done downloading.\n\nWhen this `load` event occurs, Cypress will continue running commands.\n    at timedOutWaitingForPageLoad (https://r2.gdesk.io/__cypress/runner/cypress_runner.js:130522:64)\n    at <unknown> (https://r2.gdesk.io/__cypress/runner/cypress_runner.js:131508:16)\n    at tryCatcher (https://r2.gdesk.io/__cypress/runner/cypress_runner.js:1807:23)\n    at <unknown> (https://r2.gdesk.io/__cypress/runner/cypress_runner.js:4186:41)\n    at tryCatcher (https://r2.gdesk.io/__cypress/runner/cypress_runner.js:1807:23)\n    at Promise._settlePromiseFromHandler (https://r2.gdesk.io/__cypress/runner/cypress_runner.js:1519:31)\n    at Promise._settlePromise (https://r2.gdesk.io/__cypress/runner/cypress_runner.js:1576:18)\n    at Promise._settlePromise0 (https://r2.gdesk.io/__cypress/runner/cypress_runner.js:1621:10)\n    at Promise._settlePromises (https://r2.gdesk.io/__cypress/runner/cypress_runner.js:1697:18)\n    at _drainQueueStep (https://r2.gdesk.io/__cypress/runner/cypress_runner.js:2407:12)\n    at _drainQueue (https://r2.gdesk.io/__cypress/runner/cypress_runner.js:2400:9)\n    at Async._drainQueues (https://r2.gdesk.io/__cypress/runner/cypress_runner.js:2416:5)\n    at Async.drainQueues (https://r2.gdesk.io/__cypress/runner/cypress_runner.js:2286:14)\nFrom Your Spec Code:\n    at Context.eval (webpack:///./cypress/integration/tests/TC_002_CreateJob.cy.js:14:7)",
                "diff": null
              },
              "uuid": "bf442047-8c21-4a31-9506-8c82fa3f189f",
              "parentUUID": "0ffa7c98-e52f-448c-9369-4b01cc375e94",
              "isHook": false,
              "skipped": false
            }
          ],
          "suites": [],
          "passes": [],
          "failures": [
            "bf442047-8c21-4a31-9506-8c82fa3f189f"
          ],
          "pending": [],
          "skipped": [],
          "duration": 60337,
          "root": false,
          "rootEmpty": false,
          "_timeout": 2000
        }
      ],
      "passes": [],
      "failures": [],
      "pending": [],
      "skipped": [],
      "duration": 0,
      "root": true,
      "rootEmpty": true,
      "_timeout": 2000
    }
  ],
  "meta": {
    "mocha": {
      "version": "7.0.1"
    },
    "mochawesome": {
      "options": {
        "quiet": false,
        "reportFilename": "mochawesome",
        "saveHtml": true,
        "saveJson": true,
        "consoleReporter": "spec",
        "useInlineDiffs": false,
        "code": true
      },
      "version": "7.1.3"
    },
    "marge": {
      "options": {
        "id": "default",
        "reportDir": "cypress/reports/mochawesome",
        "overwrite": false,
        "html": true,
        "json": true
      },
      "version": "6.2.0"
    }
  }
}