{
  "stats": {
    "suites": 1,
    "tests": 1,
    "passes": 1,
    "pending": 0,
    "failures": 0,
    "start": "2024-06-11T10:07:04.760Z",
    "end": "2024-06-11T10:07:13.102Z",
    "duration": 8342,
    "testsRegistered": 1,
    "passPercent": 100,
    "pendingPercent": 0,
    "other": 0,
    "hasOther": false,
    "skipped": 0,
    "hasSkipped": false
  },
  "results": [
    {
      "uuid": "7dccbb78-d39d-4a22-8bc7-4c32fb05492e",
      "title": "",
      "fullFile": "cypress\\integration\\tests\\TC_001_LoginToGD.cy.js",
      "file": "cypress\\integration\\tests\\TC_001_LoginToGD.cy.js",
      "beforeHooks": [],
      "afterHooks": [],
      "tests": [],
      "suites": [
        {
          "uuid": "ce53328a-4c61-426e-b222-026f8f50a84c",
          "title": "Login to GD",
          "fullFile": "",
          "file": "",
          "beforeHooks": [],
          "afterHooks": [],
          "tests": [
            {
              "title": "should Login to GD",
              "fullTitle": "Login to GD should Login to GD",
              "timedOut": null,
              "duration": 5713,
              "state": "passed",
              "speed": "medium",
              "pass": true,
              "fail": false,
              "pending": false,
              "context": null,
              "code": "// Nav to home page\ncy.visit(_PrivateData.default.url);\n// Nav to AB Testing page\nconst loginAction = new _LoginAction.default();\nloginAction.login(_PrivateData.default.username, _PrivateData.default.password);",
              "err": {},
              "uuid": "638d70ee-4c32-4613-8f7c-74e7547ac6e7",
              "parentUUID": "ce53328a-4c61-426e-b222-026f8f50a84c",
              "isHook": false,
              "skipped": false
            }
          ],
          "suites": [],
          "passes": [
            "638d70ee-4c32-4613-8f7c-74e7547ac6e7"
          ],
          "failures": [],
          "pending": [],
          "skipped": [],
          "duration": 5713,
          "root": false,
          "rootEmpty": false,
          "_timeout": 2000
        }
      ],
      "passes": [],
      "failures": [],
      "pending": [],
      "skipped": [],
      "duration": 0,
      "root": true,
      "rootEmpty": true,
      "_timeout": 2000
    }
  ],
  "meta": {
    "mocha": {
      "version": "7.0.1"
    },
    "mochawesome": {
      "options": {
        "quiet": false,
        "reportFilename": "mochawesome",
        "saveHtml": true,
        "saveJson": true,
        "consoleReporter": "spec",
        "useInlineDiffs": false,
        "code": true
      },
      "version": "7.1.3"
    },
    "marge": {
      "options": {
        "id": "default",
        "reportDir": "cypress/reports/mochawesome",
        "overwrite": false,
        "html": true,
        "json": true
      },
      "version": "6.2.0"
    }
  }
}