{
  "stats": {
    "suites": 1,
    "tests": 1,
    "passes": 0,
    "pending": 0,
    "failures": 1,
    "start": "2024-06-06T09:26:04.602Z",
    "end": "2024-06-06T09:26:28.114Z",
    "duration": 23512,
    "testsRegistered": 1,
    "passPercent": 0,
    "pendingPercent": 0,
    "other": 0,
    "hasOther": false,
    "skipped": 0,
    "hasSkipped": false
  },
  "results": [
    {
      "uuid": "33af1d7d-820d-4652-9e30-3183ffd203d5",
      "title": "",
      "fullFile": "cypress\\integration\\tests\\PROD_TC_002_CreateJob.cy.js",
      "file": "cypress\\integration\\tests\\PROD_TC_002_CreateJob.cy.js",
      "beforeHooks": [],
      "afterHooks": [],
      "tests": [],
      "suites": [
        {
          "uuid": "e69a1fd3-1c33-4f0d-bdf6-a52ee9379e60",
          "title": "Create Job",
          "fullFile": "",
          "file": "",
          "beforeHooks": [],
          "afterHooks": [],
          "tests": [
            {
              "title": "Just create a new job in calendar",
              "fullTitle": "Create Job Just create a new job in calendar",
              "timedOut": null,
              "duration": 18703,
              "state": "failed",
              "speed": null,
              "pass": false,
              "fail": true,
              "pending": false,
              "context": null,
              "code": "// Nav to home page\ncy.visit(_PrivateData.default.ProdUrl);\n// Nav to AB Testing page\nconst loginAction = new _LoginAction.default();\nloginAction.login(_PrivateData.default.ProdUsername, _PrivateData.default.ProdPassword);\nconst calendarAction = new _CalendarAction.default();\nconst jobDetailAction = new _JobDetailAction.default();\ncalendarAction.selectAgendar('Day');\ncalendarAction.openModalAddJob(_TC_002_CreateJob.default.time, _TC_002_CreateJob.default.jobType);\njobDetailAction.addJob(_TC_002_CreateJob.default.newJob);",
              "err": {
                "message": "AssertionError: Timed out retrying after 4000ms: Expected to find element: `div[class=\"v2-dropdown list-agenda\"]`, but never found it.",
                "estack": "AssertionError: Timed out retrying after 4000ms: Expected to find element: `div[class=\"v2-dropdown list-agenda\"]`, but never found it.\n    at CalendarPage.getListAgendaBtn (webpack:///./cypress/integration/pages/CalendarPage.js:5:14)\n    at CalendarAction.selectAgendar (webpack:///./cypress/integration/actions/CalendarAction.js:10:21)\n    at Context.eval (webpack:///./cypress/integration/tests/PROD_TC_002_CreateJob.cy.js:21:19)",
                "diff": null
              },
              "uuid": "b0b8a508-4810-4c1e-a4f8-5aae5683c4de",
              "parentUUID": "e69a1fd3-1c33-4f0d-bdf6-a52ee9379e60",
              "isHook": false,
              "skipped": false
            }
          ],
          "suites": [],
          "passes": [],
          "failures": [
            "b0b8a508-4810-4c1e-a4f8-5aae5683c4de"
          ],
          "pending": [],
          "skipped": [],
          "duration": 18703,
          "root": false,
          "rootEmpty": false,
          "_timeout": 2000
        }
      ],
      "passes": [],
      "failures": [],
      "pending": [],
      "skipped": [],
      "duration": 0,
      "root": true,
      "rootEmpty": true,
      "_timeout": 2000
    }
  ],
  "meta": {
    "mocha": {
      "version": "7.0.1"
    },
    "mochawesome": {
      "options": {
        "quiet": false,
        "reportFilename": "mochawesome",
        "saveHtml": true,
        "saveJson": true,
        "consoleReporter": "spec",
        "useInlineDiffs": false,
        "code": true
      },
      "version": "7.1.3"
    },
    "marge": {
      "options": {
        "id": "default",
        "reportDir": "cypress/reports/mochawesome",
        "overwrite": false,
        "html": true,
        "json": true
      },
      "version": "6.2.0"
    }
  }
}