{
  "stats": {
    "suites": 1,
    "tests": 1,
    "passes": 0,
    "pending": 1,
    "failures": 0,
    "start": "2024-07-08T10:06:31.399Z",
    "end": "2024-07-08T10:06:31.427Z",
    "duration": 28,
    "testsRegistered": 1,
    "passPercent": null,
    "pendingPercent": 100,
    "other": 0,
    "hasOther": false,
    "skipped": 0,
    "hasSkipped": false
  },
  "results": [
    {
      "uuid": "d9526dfb-029a-4613-9730-51d80ab8a6a2",
      "title": "",
      "fullFile": "cypress\\integration\\tests\\PROD_TC_002_CreateJob.cy.js",
      "file": "cypress\\integration\\tests\\PROD_TC_002_CreateJob.cy.js",
      "beforeHooks": [],
      "afterHooks": [],
      "tests": [],
      "suites": [
        {
          "uuid": "70450b29-2b29-414c-b8be-7fc29a4b8f2d",
          "title": "Create Job",
          "fullFile": "",
          "file": "",
          "beforeHooks": [],
          "afterHooks": [],
          "tests": [
            {
              "title": "Just create a new job in calendar",
              "fullTitle": "Create Job Just create a new job in calendar",
              "timedOut": null,
              "duration": 0,
              "state": "pending",
              "speed": null,
              "pass": false,
              "fail": false,
              "pending": true,
              "context": null,
              "code": "// Nav to home page\ncy.visit(_PrivateData.default.ProdUrl);\n// Nav to AB Testing page\nconst loginAction = new _LoginAction.default();\nloginAction.login(_PrivateData.default.ProdUsername, _PrivateData.default.ProdPassword);\nconst calendarAction = new _CalendarAction.default();\nconst jobDetailAction = new _JobDetailAction.default();\ncalendarAction.selectAgendar('Day');\ncalendarAction.openModalAddJob(_TC_002_CreateJob.default.time, _TC_002_CreateJob.default.jobType);\njobDetailAction.addJob(_TC_002_CreateJob.default.newJob);",
              "err": {},
              "uuid": "16bb1349-f96b-411a-9f69-2c9aae8df937",
              "parentUUID": "70450b29-2b29-414c-b8be-7fc29a4b8f2d",
              "isHook": false,
              "skipped": false
            }
          ],
          "suites": [],
          "passes": [],
          "failures": [],
          "pending": [
            "16bb1349-f96b-411a-9f69-2c9aae8df937"
          ],
          "skipped": [],
          "duration": 0,
          "root": false,
          "rootEmpty": false,
          "_timeout": 2000
        }
      ],
      "passes": [],
      "failures": [],
      "pending": [],
      "skipped": [],
      "duration": 0,
      "root": true,
      "rootEmpty": true,
      "_timeout": 2000
    }
  ],
  "meta": {
    "mocha": {
      "version": "7.0.1"
    },
    "mochawesome": {
      "options": {
        "quiet": false,
        "reportFilename": "mochawesome",
        "saveHtml": true,
        "saveJson": true,
        "consoleReporter": "spec",
        "useInlineDiffs": false,
        "code": true
      },
      "version": "7.1.3"
    },
    "marge": {
      "options": {
        "id": "default",
        "reportDir": "cypress/reports/mochawesome",
        "overwrite": false,
        "html": true,
        "json": true
      },
      "version": "6.2.0"
    }
  }
}