{
  "stats": {
    "suites": 1,
    "tests": 1,
    "passes": 1,
    "pending": 0,
    "failures": 0,
    "start": "2024-06-06T09:37:33.245Z",
    "end": "2024-06-06T09:37:41.913Z",
    "duration": 8668,
    "testsRegistered": 1,
    "passPercent": 100,
    "pendingPercent": 0,
    "other": 0,
    "hasOther": false,
    "skipped": 0,
    "hasSkipped": false
  },
  "results": [
    {
      "uuid": "00165368-756f-4008-b259-e0014f7e9868",
      "title": "",
      "fullFile": "cypress\\integration\\tests\\TC_001_LoginToGD.cy.js",
      "file": "cypress\\integration\\tests\\TC_001_LoginToGD.cy.js",
      "beforeHooks": [],
      "afterHooks": [],
      "tests": [],
      "suites": [
        {
          "uuid": "6b359490-fc5e-4825-b9b9-00661f88be6b",
          "title": "Login to GD",
          "fullFile": "",
          "file": "",
          "beforeHooks": [],
          "afterHooks": [],
          "tests": [
            {
              "title": "should Login to GD",
              "fullTitle": "Login to GD should Login to GD",
              "timedOut": null,
              "duration": 5344,
              "state": "passed",
              "speed": "medium",
              "pass": true,
              "fail": false,
              "pending": false,
              "context": null,
              "code": "// Nav to home page\ncy.visit(_PrivateData.default.url);\n// Nav to AB Testing page\nconst loginAction = new _LoginAction.default();\nloginAction.login(_PrivateData.default.username, _PrivateData.default.password);",
              "err": {},
              "uuid": "d6319046-d8a7-4dc3-ba60-6163fa04d96d",
              "parentUUID": "6b359490-fc5e-4825-b9b9-00661f88be6b",
              "isHook": false,
              "skipped": false
            }
          ],
          "suites": [],
          "passes": [
            "d6319046-d8a7-4dc3-ba60-6163fa04d96d"
          ],
          "failures": [],
          "pending": [],
          "skipped": [],
          "duration": 5344,
          "root": false,
          "rootEmpty": false,
          "_timeout": 2000
        }
      ],
      "passes": [],
      "failures": [],
      "pending": [],
      "skipped": [],
      "duration": 0,
      "root": true,
      "rootEmpty": true,
      "_timeout": 2000
    }
  ],
  "meta": {
    "mocha": {
      "version": "7.0.1"
    },
    "mochawesome": {
      "options": {
        "quiet": false,
        "reportFilename": "mochawesome",
        "saveHtml": true,
        "saveJson": true,
        "consoleReporter": "spec",
        "useInlineDiffs": false,
        "code": true
      },
      "version": "7.1.3"
    },
    "marge": {
      "options": {
        "id": "default",
        "reportDir": "cypress/reports/mochawesome",
        "overwrite": false,
        "html": true,
        "json": true
      },
      "version": "6.2.0"
    }
  }
}