{
  "stats": {
    "suites": 1,
    "tests": 1,
    "passes": 0,
    "pending": 0,
    "failures": 1,
    "start": "2024-06-06T09:37:44.442Z",
    "end": "2024-06-06T09:37:56.031Z",
    "duration": 11589,
    "testsRegistered": 1,
    "passPercent": 0,
    "pendingPercent": 0,
    "other": 0,
    "hasOther": false,
    "skipped": 0,
    "hasSkipped": false
  },
  "results": [
    {
      "uuid": "a29b2ac8-76c9-4952-94de-c6d0128a2f59",
      "title": "",
      "fullFile": "cypress\\integration\\tests\\TC_002_CreateJob.cy.js",
      "file": "cypress\\integration\\tests\\TC_002_CreateJob.cy.js",
      "beforeHooks": [],
      "afterHooks": [],
      "tests": [],
      "suites": [
        {
          "uuid": "707b0822-55c3-4e73-9340-2f8944246154",
          "title": "Create Job",
          "fullFile": "",
          "file": "",
          "beforeHooks": [],
          "afterHooks": [],
          "tests": [
            {
              "title": "Just create a new job in calendar",
              "fullTitle": "Create Job Just create a new job in calendar",
              "timedOut": null,
              "duration": 9468,
              "state": "failed",
              "speed": null,
              "pass": false,
              "fail": true,
              "pending": false,
              "context": null,
              "code": "// Nav to home page\ncy.visit(_PrivateData.default.url);\n// Nav to AB Testing page\nconst loginAction = new _LoginAction.default();\nloginAction.login(_PrivateData.default.username, _PrivateData.default.password);\nconst calendarAction = new _CalendarAction.default();\nconst jobDetailAction = new _JobDetailAction.default();\ncalendarAction.selectAgendar('Day');\ncalendarAction.openModalAddJob(_TC_002_CreateJob.default.time, _TC_002_CreateJob.default.jobType);\njobDetailAction.addJob(_TC_002_CreateJob.default.newJob);",
              "err": {
                "message": "AssertionError: Timed out retrying after 4000ms: Expected to find element: `div[class=\"v2-dropdown list-agenda\"]`, but never found it.",
                "estack": "AssertionError: Timed out retrying after 4000ms: Expected to find element: `div[class=\"v2-dropdown list-agenda\"]`, but never found it.\n    at CalendarPage.getListAgendaBtn (webpack:///./cypress/integration/pages/CalendarPage.js:5:14)\n    at CalendarAction.selectAgendar (webpack:///./cypress/integration/actions/CalendarAction.js:10:21)\n    at Context.eval (webpack:///./cypress/integration/tests/TC_002_CreateJob.cy.js:21:19)",
                "diff": null
              },
              "uuid": "98579c65-d0a8-4858-8070-41a065ac0c02",
              "parentUUID": "707b0822-55c3-4e73-9340-2f8944246154",
              "isHook": false,
              "skipped": false
            }
          ],
          "suites": [],
          "passes": [],
          "failures": [
            "98579c65-d0a8-4858-8070-41a065ac0c02"
          ],
          "pending": [],
          "skipped": [],
          "duration": 9468,
          "root": false,
          "rootEmpty": false,
          "_timeout": 2000
        }
      ],
      "passes": [],
      "failures": [],
      "pending": [],
      "skipped": [],
      "duration": 0,
      "root": true,
      "rootEmpty": true,
      "_timeout": 2000
    }
  ],
  "meta": {
    "mocha": {
      "version": "7.0.1"
    },
    "mochawesome": {
      "options": {
        "quiet": false,
        "reportFilename": "mochawesome",
        "saveHtml": true,
        "saveJson": true,
        "consoleReporter": "spec",
        "useInlineDiffs": false,
        "code": true
      },
      "version": "7.1.3"
    },
    "marge": {
      "options": {
        "id": "default",
        "reportDir": "cypress/reports/mochawesome",
        "overwrite": false,
        "html": true,
        "json": true
      },
      "version": "6.2.0"
    }
  }
}