{
  "stats": {
    "suites": 1,
    "tests": 1,
    "passes": 1,
    "pending": 0,
    "failures": 0,
    "start": "2024-07-08T10:35:48.466Z",
    "end": "2024-07-08T10:36:26.354Z",
    "duration": 37888,
    "testsRegistered": 1,
    "passPercent": 100,
    "pendingPercent": 0,
    "other": 0,
    "hasOther": false,
    "skipped": 0,
    "hasSkipped": false
  },
  "results": [
    {
      "uuid": "5e569170-5f50-4d6c-81d1-c738f0d17db7",
      "title": "",
      "fullFile": "cypress\\integration\\tests\\TC_002_CreateJob.cy.js",
      "file": "cypress\\integration\\tests\\TC_002_CreateJob.cy.js",
      "beforeHooks": [],
      "afterHooks": [],
      "tests": [],
      "suites": [
        {
          "uuid": "e875437a-d872-4870-8d8f-88ac3543d40d",
          "title": "Create Job",
          "fullFile": "",
          "file": "",
          "beforeHooks": [],
          "afterHooks": [],
          "tests": [
            {
              "title": "Just create a new job in calendar",
              "fullTitle": "Create Job Just create a new job in calendar",
              "timedOut": null,
              "duration": 36128,
              "state": "passed",
              "speed": "slow",
              "pass": true,
              "fail": false,
              "pending": false,
              "context": null,
              "code": "// Nav to home page\ncy.visit(_PrivateData.default.url);\n// Nav to AB Testing page\nconst loginAction = new _LoginAction.default();\nloginAction.login(_PrivateData.default.username, _PrivateData.default.password);\nconst calendarAction = new _CalendarAction.default();\nconst jobDetailAction = new _JobDetailAction.default();\ncalendarAction.selectAgendar('Day');\ncalendarAction.openModalAddJob(_TC_002_CreateJob.default.time, _TC_002_CreateJob.default.jobType);\njobDetailAction.addJob(_TC_002_CreateJob.default.newJob);",
              "err": {},
              "uuid": "362137a7-f7f7-483b-acfd-8300a3deb080",
              "parentUUID": "e875437a-d872-4870-8d8f-88ac3543d40d",
              "isHook": false,
              "skipped": false
            }
          ],
          "suites": [],
          "passes": [
            "362137a7-f7f7-483b-acfd-8300a3deb080"
          ],
          "failures": [],
          "pending": [],
          "skipped": [],
          "duration": 36128,
          "root": false,
          "rootEmpty": false,
          "_timeout": 2000
        }
      ],
      "passes": [],
      "failures": [],
      "pending": [],
      "skipped": [],
      "duration": 0,
      "root": true,
      "rootEmpty": true,
      "_timeout": 2000
    }
  ],
  "meta": {
    "mocha": {
      "version": "7.0.1"
    },
    "mochawesome": {
      "options": {
        "quiet": false,
        "reportFilename": "mochawesome",
        "saveHtml": true,
        "saveJson": true,
        "consoleReporter": "spec",
        "useInlineDiffs": false,
        "code": true
      },
      "version": "7.1.3"
    },
    "marge": {
      "options": {
        "configFile": "reporterConfig.json"
      },
      "version": "6.2.0"
    }
  }
}